Build started 2/14/2016 11:36:13 AM.
     1>Project "C:\Users\Jared\Documents\Repos\Data-Structures\Stacks_Maze\Stacks_Maze\Stacks_Maze.vcxproj" on node 2 (Build target(s)).
     1>ClCompile:
         C:\Program Files (x86)\Microsoft Visual Studio 14.0\VC\bin\CL.exe /c /ZI /nologo /W3 /WX- /sdl /Od /Oy- /D WIN32 /D _DEBUG /D _CONSOLE /D _UNICODE /D UNICODE /Gm /EHsc /RTC1 /MDd /GS /fp:precise /Zc:wchar_t /Zc:forScope /Zc:inline /Yu"stdafx.h" /Fp"Debug\Stacks_Maze.pch" /Fo"Debug\\" /Fd"Debug\vc140.pdb" /Gd /TP /analyze- /errorReport:prompt Stacks_Maze.cpp
         Stacks_Maze.cpp
     1>c:\users\jared\documents\repos\data-structures\stacks_maze\stacks_maze\stacks_maze.cpp(9): error C3861: '_getch': identifier not found
     1>Done Building Project "C:\Users\Jared\Documents\Repos\Data-Structures\Stacks_Maze\Stacks_Maze\Stacks_Maze.vcxproj" (Build target(s)) -- FAILED.

Build FAILED.

Time Elapsed 00:00:00.62
